Using pre-set license
Built from '2021.3/staging' branch; Version is '2021.3.31f1 (3409e2af086f) revision 3410402'; Using compiler version '192829333'; Build Type 'Release'
OS: 'Windows 10  (10.0.19045) 64bit Education' Language: 'ko' Physical Memory: 16297 MB
BatchMode: 1, IsHumanControllingUs: 0, StartBugReporterOnCrash: 0, Is64bit: 1, IsPro: 1

COMMAND LINE ARGUMENTS:
C:\Program Files\Unity\Hub\Editor\2021.3.31f1\Editor\Unity.exe
-adb2
-batchMode
-noUpm
-name
AssetImportWorker2
-projectPath
C:/Users/Administrator/Desktop/unitylecture1/Endless Run
-logFile
Logs/AssetImportWorker2.log
-srvPort
50132
Successfully changed project path to: C:/Users/Administrator/Desktop/unitylecture1/Endless Run
C:/Users/Administrator/Desktop/unitylecture1/Endless Run
[UnityMemory] Configuration Parameters - Can be set up in boot.config
    "memorysetup-bucket-allocator-granularity=16"
    "memorysetup-bucket-allocator-bucket-count=8"
    "memorysetup-bucket-allocator-block-size=33554432"
    "memorysetup-bucket-allocator-block-count=8"
    "memorysetup-main-allocator-block-size=16777216"
    "memorysetup-thread-allocator-block-size=16777216"
    "memorysetup-gfx-main-allocator-block-size=16777216"
    "memorysetup-gfx-thread-allocator-block-size=16777216"
    "memorysetup-cache-allocator-block-size=4194304"
    "memorysetup-typetree-allocator-block-size=2097152"
    "memorysetup-profiler-bucket-allocator-granularity=16"
    "memorysetup-profiler-bucket-allocator-bucket-count=8"
    "memorysetup-profiler-bucket-allocator-block-size=33554432"
    "memorysetup-profiler-bucket-allocator-block-count=8"
    "memorysetup-profiler-allocator-block-size=16777216"
    "memorysetup-profiler-editor-allocator-block-size=1048576"
    "memorysetup-temp-allocator-size-main=16777216"
    "memorysetup-job-temp-allocator-block-size=2097152"
    "memorysetup-job-temp-allocator-block-size-background=1048576"
    "memorysetup-job-temp-allocator-reduction-small-platforms=262144"
    "memorysetup-temp-allocator-size-background-worker=32768"
    "memorysetup-temp-allocator-size-job-worker=262144"
    "memorysetup-temp-allocator-size-preload-manager=33554432"
    "memorysetup-temp-allocator-size-nav-mesh-worker=65536"
    "memorysetup-temp-allocator-size-audio-worker=65536"
    "memorysetup-temp-allocator-size-cloud-worker=32768"
    "memorysetup-temp-allocator-size-gi-baking-worker=262144"
    "memorysetup-temp-allocator-size-gfx=262144"
Player connection [19860] Host "[IP] 192.168.0.158 [Port] 0 [Flags] 2 [Guid] 2981897773 [EditorId] 2981897773 [Version] 1048832 [Id] WindowsEditor(7,DESKTOP-L61RPL5) [Debug] 1 [PackageName] WindowsEditor [ProjectName] Editor" joined multi-casting on [225.0.0.222:54997]...

Player connection [19860] Host "[IP] 192.168.0.158 [Port] 0 [Flags] 2 [Guid] 2981897773 [EditorId] 2981897773 [Version] 1048832 [Id] WindowsEditor(7,DESKTOP-L61RPL5) [Debug] 1 [PackageName] WindowsEditor [ProjectName] Editor" joined alternative multi-casting on [225.0.0.222:34997]...

[Physics::Module] Initialized MultithreadedJobDispatcher with {0} workers.
Refreshing native plugins compatible for Editor in 66.35 ms, found 3 plugins.
Preloading 0 native plugins for Editor in 0.00 ms.
Initialize engine version: 2021.3.31f1 (3409e2af086f)
[Subsystems] Discovering subsystems at path C:/Program Files/Unity/Hub/Editor/2021.3.31f1/Editor/Data/Resources/UnitySubsystems
[Subsystems] Discovering subsystems at path C:/Users/Administrator/Desktop/unitylecture1/Endless Run/Assets
GfxDevice: creating device client; threaded=0; jobified=0
Direct3D:
    Version:  Direct3D 11.0 [level 11.1]
    Renderer: NVIDIA GeForce GTX 1660 (ID=0x2184)
    Vendor:   NVIDIA
    VRAM:     5980 MB
    Driver:   31.0.15.3623
Initialize mono
Mono path[0] = 'C:/Program Files/Unity/Hub/Editor/2021.3.31f1/Editor/Data/Managed'
Mono path[1] = 'C:/Program Files/Unity/Hub/Editor/2021.3.31f1/Editor/Data/MonoBleedingEdge/lib/mono/unityjit-win32'
Mono config path = 'C:/Program Files/Unity/Hub/Editor/2021.3.31f1/Editor/Data/MonoBleedingEdge/etc'
Using monoOptions --debugger-agent=transport=dt_socket,embedding=1,server=y,suspend=n,address=127.0.0.1:56072
Begin MonoManager ReloadAssembly
Registering precompiled unity dll's ...
Register platform support module: C:/Program Files/Unity/Hub/Editor/2021.3.31f1/Editor/Data/PlaybackEngines/WindowsStandaloneSupport/UnityEditor.WindowsStandalone.Extensions.dll
Registered in 0.005319 seconds.
Native extension for WindowsStandalone target not found
Refreshing native plugins compatible for Editor in 65.11 ms, found 3 plugins.
Preloading 0 native plugins for Editor in 0.00 ms.
Mono: successfully reloaded assembly
- Completed reload, in  0.569 seconds
Domain Reload Profiling:
	ReloadAssembly (570ms)
		BeginReloadAssembly (91ms)
			ExecutionOrderSort (0ms)
			DisableScriptedObjects (0ms)
			BackupInstance (0ms)
			ReleaseScriptingObjects (0ms)
			CreateAndSetChildDomain (1ms)
		EndReloadAssembly (389ms)
			LoadAssemblies (89ms)
			RebuildTransferFunctionScriptingTraits (0ms)
			SetupTypeCache (102ms)
			ReleaseScriptCaches (0ms)
			RebuildScriptCaches (26ms)
			SetupLoadedEditorAssemblies (219ms)
				LogAssemblyErrors (0ms)
				InitializePlatformSupportModulesInManaged (6ms)
				SetLoadedEditorAssemblies (0ms)
				RefreshPlugins (65ms)
				BeforeProcessingInitializeOnLoad (1ms)
				ProcessInitializeOnLoadAttributes (105ms)
				ProcessInitializeOnLoadMethodAttributes (41ms)
				AfterProcessingInitializeOnLoad (0ms)
				EditorAssembliesLoaded (0ms)
			ExecutionOrderSort2 (0ms)
			AwakeInstancesAfterBackupRestoration (0ms)
Platform modules already initialized, skipping
Registering precompiled user dll's ...
Registered in 0.003835 seconds.
Begin MonoManager ReloadAssembly
Native extension for WindowsStandalone target not found
Refreshing native plugins compatible for Editor in 0.55 ms, found 3 plugins.
Preloading 0 native plugins for Editor in 0.00 ms.
Package Manager log level set to [2]
[Package Manager] Server::EnsureServerProcessIsRunning -- launch failed, reason: Unity was launched with the -noUpm command-line argument
[Package Manager] Cannot connect to Unity Package Manager local server
Mono: successfully reloaded assembly
- Completed reload, in  1.190 seconds
Domain Reload Profiling:
	ReloadAssembly (1191ms)
		BeginReloadAssembly (112ms)
			ExecutionOrderSort (0ms)
			DisableScriptedObjects (5ms)
			BackupInstance (0ms)
			ReleaseScriptingObjects (0ms)
			CreateAndSetChildDomain (17ms)
		EndReloadAssembly (986ms)
			LoadAssemblies (82ms)
			RebuildTransferFunctionScriptingTraits (0ms)
			SetupTypeCache (219ms)
			ReleaseScriptCaches (1ms)
			RebuildScriptCaches (40ms)
			SetupLoadedEditorAssemblies (640ms)
				LogAssemblyErrors (0ms)
				InitializePlatformSupportModulesInManaged (4ms)
				SetLoadedEditorAssemblies (0ms)
				RefreshPlugins (1ms)
				BeforeProcessingInitializeOnLoad (63ms)
				ProcessInitializeOnLoadAttributes (549ms)
				ProcessInitializeOnLoadMethodAttributes (17ms)
				AfterProcessingInitializeOnLoad (6ms)
				EditorAssembliesLoaded (0ms)
			ExecutionOrderSort2 (0ms)
			AwakeInstancesAfterBackupRestoration (5ms)
Platform modules already initialized, skipping
========================================================================
Worker process is ready to serve import requests
Launched and connected shader compiler UnityShaderCompiler.exe after 0.13 seconds
Refreshing native plugins compatible for Editor in 0.63 ms, found 3 plugins.
Preloading 0 native plugins for Editor in 0.00 ms.
Unloading 3146 Unused Serialized files (Serialized files now loaded: 0)
Unloading 23 unused Assets / (46.6 KB). Loaded Objects now: 3614.
Memory consumption went from 116.2 MB to 116.2 MB.
Total: 2.559300 ms (FindLiveObjects: 0.235500 ms CreateObjectMapping: 0.159600 ms MarkObjects: 2.107400 ms  DeleteObjects: 0.056100 ms)

AssetImportParameters requested are different than current active one (requested -> active):
  custom:video-decoder-ogg-theora: a1e56fd34408186e4bbccfd4996cb3dc -> 
  custom:container-muxer-webm: aa71ff27fc2769a1b78a27578f13a17b -> 
  custom:container-demuxer-webm: 4f35f7cbe854078d1ac9338744f61a02 -> 
  custom:video-encoder-webm-vp8: eb34c28f22e8b96e1ab97ce403110664 -> 
  custom:CustomObjectIndexerAttribute: bc11b3a6c3213fcdd17b65e7da85e133 -> 
  custom:audio-encoder-webm-vorbis: bf7c407c2cedff20999df2af8eb42d56 -> 
  custom:framework-win-MediaFoundation: 216162199b28c13a410421893ffa2e32 -> 
  custom:SearchIndexIgnoredProperties: e643bd26f0fe6173181afceb89e7c659 -> 
  custom:container-demuxer-ogg: 62fdf1f143b41e24485cea50d1cbac27 -> 
  custom:video-decoder-webm-vp8: 9c59270c3fd7afecdb556c50c9e8de78 -> 
  custom:audio-decoder-ogg-vorbis: bf7c407c2cedff20999df2af8eb42d56 -> 
========================================================================
Received Import Request.
  Time since last request: 612892.560706 seconds.
  path: Assets/Script/etc/CollisionBox.cs
  artifactKey: Guid(aee561d923b6f494a867a88318f05411) Importer(815301076,1909f56bfc062723c751e8b465ee728b)
Number of updated assets reloaded before import = 0
Start importing Assets/Script/etc/CollisionBox.cs using Guid(aee561d923b6f494a867a88318f05411) Importer(815301076,1909f56bfc062723c751e8b465ee728b)  -> (artifact id: '0509ef0cafdb6ae2425bbe231278bc1f') in 0.017096 seconds 
Number of asset objects unloaded after import = 0
========================================================================
Received Import Request.
  Time since last request: 15.126617 seconds.
  path: Assets/Script/etc/ObjectSound.cs
  artifactKey: Guid(f16e44c3022b8814c8d0ce3fef2d2376) Importer(815301076,1909f56bfc062723c751e8b465ee728b)
Number of updated assets reloaded before import = 0
Start importing Assets/Script/etc/ObjectSound.cs using Guid(f16e44c3022b8814c8d0ce3fef2d2376) Importer(815301076,1909f56bfc062723c751e8b465ee728b)  -> (artifact id: '9b90d35f1442cad2d302a5931053b27d') in 0.005737 seconds 
Number of asset objects unloaded after import = 0
========================================================================
Received Import Request.
  Time since last request: 16.555644 seconds.
  path: Assets/Script/etc/Percentage.cs
  artifactKey: Guid(8ac200e00ec5ed94ba1b82350aedec86) Importer(815301076,1909f56bfc062723c751e8b465ee728b)
Number of updated assets reloaded before import = 0
Start importing Assets/Script/etc/Percentage.cs using Guid(8ac200e00ec5ed94ba1b82350aedec86) Importer(815301076,1909f56bfc062723c751e8b465ee728b)  -> (artifact id: '353eb891b13c5cff01cbc35e119c254d') in 0.006004 seconds 
Number of asset objects unloaded after import = 0
========================================================================
Received Import Request.
  Time since last request: 42.120916 seconds.
  path: Assets/Script/Items
  artifactKey: Guid(820326a0c9e87c54cb2291f4cc4680b2) Importer(815301076,1909f56bfc062723c751e8b465ee728b)
Number of updated assets reloaded before import = 0
Start importing Assets/Script/Items using Guid(820326a0c9e87c54cb2291f4cc4680b2) Importer(815301076,1909f56bfc062723c751e8b465ee728b)  -> (artifact id: '8343e7c79c9784dc6641a4643e0234c5') in 0.006116 seconds 
Number of asset objects unloaded after import = 0
========================================================================
Received Import Request.
  Time since last request: 0.547589 seconds.
  path: Assets/Script/Manager
  artifactKey: Guid(94107f2c4ed05434491d7a57ced04405) Importer(815301076,1909f56bfc062723c751e8b465ee728b)
Number of updated assets reloaded before import = 0
Start importing Assets/Script/Manager using Guid(94107f2c4ed05434491d7a57ced04405) Importer(815301076,1909f56bfc062723c751e8b465ee728b)  -> (artifact id: '3e3835e49941b74f9ba59a0d65b3d6d8') in 0.005839 seconds 
Number of asset objects unloaded after import = 0
========================================================================
Received Import Request.
  Time since last request: 1.155123 seconds.
  path: Assets/Script/Manager/AudioManager.cs
  artifactKey: Guid(6e196afc86749b64f95ac408844f62b5) Importer(815301076,1909f56bfc062723c751e8b465ee728b)
Number of updated assets reloaded before import = 0
Start importing Assets/Script/Manager/AudioManager.cs using Guid(6e196afc86749b64f95ac408844f62b5) Importer(815301076,1909f56bfc062723c751e8b465ee728b)  -> (artifact id: 'dbc46243e8894a6e453b3e32527d4d83') in 0.005942 seconds 
Number of asset objects unloaded after import = 0
========================================================================
Received Import Request.
  Time since last request: 28.494499 seconds.
  path: Assets/Script/Manager/ButtonManager.cs
  artifactKey: Guid(566f2b9140dbd71468e4b00b54521fd8) Importer(815301076,1909f56bfc062723c751e8b465ee728b)
Number of updated assets reloaded before import = 0
Start importing Assets/Script/Manager/ButtonManager.cs using Guid(566f2b9140dbd71468e4b00b54521fd8) Importer(815301076,1909f56bfc062723c751e8b465ee728b)  -> (artifact id: 'b6826d2d3c3c8f2508668007a40b9cdc') in 0.006078 seconds 
Number of asset objects unloaded after import = 0
========================================================================
Received Import Request.
  Time since last request: 110.468221 seconds.
  path: Assets/Script/Manager/CoinManager.cs
  artifactKey: Guid(7d0c6ab04d6cbc448930a16228580dbc) Importer(815301076,1909f56bfc062723c751e8b465ee728b)
Number of updated assets reloaded before import = 0
Start importing Assets/Script/Manager/CoinManager.cs using Guid(7d0c6ab04d6cbc448930a16228580dbc) Importer(815301076,1909f56bfc062723c751e8b465ee728b)  -> (artifact id: 'c930f0cdcbf147a3a17f0168c5a89390') in 0.006070 seconds 
Number of asset objects unloaded after import = 0
========================================================================
Received Import Request.
  Time since last request: 25.543319 seconds.
  path: Assets/Script/Manager/GameManager.cs
  artifactKey: Guid(158df15e30a5c2f49b1478c25a7f3503) Importer(815301076,1909f56bfc062723c751e8b465ee728b)
Number of updated assets reloaded before import = 0
Start importing Assets/Script/Manager/GameManager.cs using Guid(158df15e30a5c2f49b1478c25a7f3503) Importer(815301076,1909f56bfc062723c751e8b465ee728b)  -> (artifact id: 'dc67f562b2ef3c47b39578f887c2ac11') in 0.007652 seconds 
Number of asset objects unloaded after import = 0
========================================================================
Received Import Request.
  Time since last request: 15.882934 seconds.
  path: Assets/Script/Manager/InterfaceManager.cs
  artifactKey: Guid(75731fdd7588add4d9a73e8eeb22f6e7) Importer(815301076,1909f56bfc062723c751e8b465ee728b)
Number of updated assets reloaded before import = 0
Start importing Assets/Script/Manager/InterfaceManager.cs using Guid(75731fdd7588add4d9a73e8eeb22f6e7) Importer(815301076,1909f56bfc062723c751e8b465ee728b)  -> (artifact id: 'abddaf4241d11c23d91fe255e76c4362') in 0.006068 seconds 
Number of asset objects unloaded after import = 0
========================================================================
Received Import Request.
  Time since last request: 15.566141 seconds.
  path: Assets/Script/Manager/RoadManager.cs
  artifactKey: Guid(432fccbeb36723d44981105527d5709a) Importer(815301076,1909f56bfc062723c751e8b465ee728b)
Number of updated assets reloaded before import = 0
Start importing Assets/Script/Manager/RoadManager.cs using Guid(432fccbeb36723d44981105527d5709a) Importer(815301076,1909f56bfc062723c751e8b465ee728b)  -> (artifact id: '1122b67ff4e5498b92f507d0419d2759') in 0.005550 seconds 
Number of asset objects unloaded after import = 0
========================================================================
Received Import Request.
  Time since last request: 31.143965 seconds.
  path: Assets/Script/Manager/Ob.cs
  artifactKey: Guid(a1656a11b452efe488bdf9476eb24b81) Importer(815301076,1909f56bfc062723c751e8b465ee728b)
Number of updated assets reloaded before import = 0
Start importing Assets/Script/Manager/Ob.cs using Guid(a1656a11b452efe488bdf9476eb24b81) Importer(815301076,1909f56bfc062723c751e8b465ee728b)  -> (artifact id: 'da6824ac5f0bbc283d9bc8dbdca6abaa') in 0.018302 seconds 
Number of asset objects unloaded after import = 0
========================================================================
Received Import Request.
  Time since last request: 4.964027 seconds.
  path: Assets/Script/Manager/ObstacleManager.cs
  artifactKey: Guid(a1656a11b452efe488bdf9476eb24b81) Importer(815301076,1909f56bfc062723c751e8b465ee728b)
Number of updated assets reloaded before import = 0
Start importing Assets/Script/Manager/ObstacleManager.cs using Guid(a1656a11b452efe488bdf9476eb24b81) Importer(815301076,1909f56bfc062723c751e8b465ee728b)  -> (artifact id: '92b4ae937be8858c0b513c85385c834f') in 0.005263 seconds 
Number of asset objects unloaded after import = 0
========================================================================
Received Import Request.
  Time since last request: 45.287119 seconds.
  path: Assets/Script/Manager/ObstacleManager.cs
  artifactKey: Guid(a1656a11b452efe488bdf9476eb24b81) Importer(815301076,1909f56bfc062723c751e8b465ee728b)
Number of updated assets reloaded before import = 0
Start importing Assets/Script/Manager/ObstacleManager.cs using Guid(a1656a11b452efe488bdf9476eb24b81) Importer(815301076,1909f56bfc062723c751e8b465ee728b)  -> (artifact id: '9656e96984e120a5c5fcc35fe3dbcfe1') in 0.001684 seconds 
Number of asset objects unloaded after import = 0
========================================================================
Received Import Request.
  Time since last request: 178.765291 seconds.
  path: Assets/ArcadeGameBGM#3/ArcadeGameBGM#3_Loop.wav
  artifactKey: Guid(9669960e415ea604d81fb0784634df79) Importer(815301076,1909f56bfc062723c751e8b465ee728b)
Number of updated assets reloaded before import = 0
Start importing Assets/ArcadeGameBGM#3/ArcadeGameBGM#3_Loop.wav using Guid(9669960e415ea604d81fb0784634df79) Importer(815301076,1909f56bfc062723c751e8b465ee728b)  -> (artifact id: 'fa8f164d17132983b0e1db648d53718b') in 0.139650 seconds 
Number of asset objects unloaded after import = 2
========================================================================
Received Import Request.
  Time since last request: 12.120166 seconds.
  path: Assets/Sound/Army Trumpet.wav
  artifactKey: Guid(327a516fbded65a41b3938a7be77583a) Importer(815301076,1909f56bfc062723c751e8b465ee728b)
Number of updated assets reloaded before import = 0
Start importing Assets/Sound/Army Trumpet.wav using Guid(327a516fbded65a41b3938a7be77583a) Importer(815301076,1909f56bfc062723c751e8b465ee728b)  -> (artifact id: 'fc5f48286ff5d06e031a9982b9b67826') in 0.011680 seconds 
Number of asset objects unloaded after import = 2
========================================================================
Received Import Request.
  Time since last request: 0.000020 seconds.
  path: Assets/Sound/Coin Collect.wav
  artifactKey: Guid(97c820bcc22690040809d698f38495b4) Importer(815301076,1909f56bfc062723c751e8b465ee728b)
Number of updated assets reloaded before import = 0
Start importing Assets/Sound/Coin Collect.wav using Guid(97c820bcc22690040809d698f38495b4) Importer(815301076,1909f56bfc062723c751e8b465ee728b)  -> (artifact id: 'adb706db99b24aaa665b8ecba2cb8c84') in 0.012794 seconds 
Number of asset objects unloaded after import = 2
========================================================================
Received Import Request.
  Time since last request: 0.000020 seconds.
  path: Assets/Sound/Bell Hits.wav
  artifactKey: Guid(4da067ad457f5f84286871568c74468b) Importer(815301076,1909f56bfc062723c751e8b465ee728b)
Number of updated assets reloaded before import = 0
Start importing Assets/Sound/Bell Hits.wav using Guid(4da067ad457f5f84286871568c74468b) Importer(815301076,1909f56bfc062723c751e8b465ee728b)  -> (artifact id: '05e5a463136b3e1593cdf6255edc2bc6') in 0.069539 seconds 
Number of asset objects unloaded after import = 2
========================================================================
Received Import Request.
  Time since last request: 0.000017 seconds.
  path: Assets/Sound/Game Achievement.wav
  artifactKey: Guid(a23cdebc5606d2f4daae9fdf1cd0ecd9) Importer(815301076,1909f56bfc062723c751e8b465ee728b)
Number of updated assets reloaded before import = 0
Start importing Assets/Sound/Game Achievement.wav using Guid(a23cdebc5606d2f4daae9fdf1cd0ecd9) Importer(815301076,1909f56bfc062723c751e8b465ee728b)  -> (artifact id: '486e53b7d695a8f3af458b081d626305') in 0.055727 seconds 
Number of asset objects unloaded after import = 2
========================================================================
Received Import Request.
  Time since last request: 0.000019 seconds.
  path: Assets/Sound/Funny Level Up.wav
  artifactKey: Guid(e9520f26e1cbe144ca21d6058e9f90fe) Importer(815301076,1909f56bfc062723c751e8b465ee728b)
Number of updated assets reloaded before import = 0
Start importing Assets/Sound/Funny Level Up.wav using Guid(e9520f26e1cbe144ca21d6058e9f90fe) Importer(815301076,1909f56bfc062723c751e8b465ee728b)  -> (artifact id: 'e250847aef77ae578686194dab77e44c') in 0.031549 seconds 
Number of asset objects unloaded after import = 2
========================================================================
Received Import Request.
  Time since last request: 0.000020 seconds.
  path: Assets/Sound/Level Up.wav
  artifactKey: Guid(34d78a118029aed4783ed0bbb7087555) Importer(815301076,1909f56bfc062723c751e8b465ee728b)
Number of updated assets reloaded before import = 0
Start importing Assets/Sound/Level Up.wav using Guid(34d78a118029aed4783ed0bbb7087555) Importer(815301076,1909f56bfc062723c751e8b465ee728b)  -> (artifact id: '1581703c5cdfd9586c954111e5396a7f') in 0.026722 seconds 
Number of asset objects unloaded after import = 2
========================================================================
Received Import Request.
  Time since last request: 0.000028 seconds.
  path: Assets/Sound/Cute.wav
  artifactKey: Guid(05d2c1a7e0e0cc8439d83dbe6df89701) Importer(815301076,1909f56bfc062723c751e8b465ee728b)
Number of updated assets reloaded before import = 0
Start importing Assets/Sound/Cute.wav using Guid(05d2c1a7e0e0cc8439d83dbe6df89701) Importer(815301076,1909f56bfc062723c751e8b465ee728b)  -> (artifact id: '6aa7d21b786ddcd0a07b38f9324c7bc9') in 0.029647 seconds 
Number of asset objects unloaded after import = 2
========================================================================
Received Import Request.
  Time since last request: 0.000028 seconds.
  path: Assets/Sound/Bright Pop Button.wav
  artifactKey: Guid(f96dd7b18d5d2424691c71b7dc1912d7) Importer(815301076,1909f56bfc062723c751e8b465ee728b)
Number of updated assets reloaded before import = 0
Start importing Assets/Sound/Bright Pop Button.wav using Guid(f96dd7b18d5d2424691c71b7dc1912d7) Importer(815301076,1909f56bfc062723c751e8b465ee728b)  -> (artifact id: '73ac489c6476936e368c39c208845ef3') in 0.028190 seconds 
Number of asset objects unloaded after import = 2
========================================================================
Received Import Request.
  Time since last request: 0.000026 seconds.
  path: Assets/Sound/Friendly Notification.wav
  artifactKey: Guid(ffac037fea8b9f34ca9078f44c4bbffc) Importer(815301076,1909f56bfc062723c751e8b465ee728b)
Number of updated assets reloaded before import = 0
Start importing Assets/Sound/Friendly Notification.wav using Guid(ffac037fea8b9f34ca9078f44c4bbffc) Importer(815301076,1909f56bfc062723c751e8b465ee728b)  -> (artifact id: '52f21acd20b609619eae3a2fa1272c24') in 0.012722 seconds 
Number of asset objects unloaded after import = 2
========================================================================
Received Import Request.
  Time since last request: 0.000020 seconds.
  path: Assets/Sound/Bright Game Effect.wav
  artifactKey: Guid(ffe09740cf5edb74e854d9376b1f606c) Importer(815301076,1909f56bfc062723c751e8b465ee728b)
Number of updated assets reloaded before import = 0
Start importing Assets/Sound/Bright Game Effect.wav using Guid(ffe09740cf5edb74e854d9376b1f606c) Importer(815301076,1909f56bfc062723c751e8b465ee728b)  -> (artifact id: 'a68139630bd63b9424a01b7728b684c2') in 0.011199 seconds 
Number of asset objects unloaded after import = 2
========================================================================
Received Import Request.
  Time since last request: 0.000013 seconds.
  path: Assets/Sound/Cute Alert.wav
  artifactKey: Guid(34f8758067f77ce4bba32e7dc0c8aa60) Importer(815301076,1909f56bfc062723c751e8b465ee728b)
Number of updated assets reloaded before import = 0
Start importing Assets/Sound/Cute Alert.wav using Guid(34f8758067f77ce4bba32e7dc0c8aa60) Importer(815301076,1909f56bfc062723c751e8b465ee728b)  -> (artifact id: '845f68e9cd8749033561de58fccf2d6f') in 0.010059 seconds 
Number of asset objects unloaded after import = 2
========================================================================
Received Import Request.
  Time since last request: 0.000024 seconds.
  path: Assets/Sound/Brilliant Transition.wav
  artifactKey: Guid(17b0ec460d145154d8aa75beef7ceab7) Importer(815301076,1909f56bfc062723c751e8b465ee728b)
Number of updated assets reloaded before import = 0
Start importing Assets/Sound/Brilliant Transition.wav using Guid(17b0ec460d145154d8aa75beef7ceab7) Importer(815301076,1909f56bfc062723c751e8b465ee728b)  -> (artifact id: '914ce62d318f6df7e02df067d8912df0') in 0.012432 seconds 
Number of asset objects unloaded after import = 2
========================================================================
Received Import Request.
  Time since last request: 0.000022 seconds.
  path: Assets/Sound/Digital Game Over.wav
  artifactKey: Guid(6534847ceb86b894491dc0afcb171586) Importer(815301076,1909f56bfc062723c751e8b465ee728b)
Number of updated assets reloaded before import = 0
Start importing Assets/Sound/Digital Game Over.wav using Guid(6534847ceb86b894491dc0afcb171586) Importer(815301076,1909f56bfc062723c751e8b465ee728b)  -> (artifact id: 'c8a59127180855454070541918d794b1') in 0.015214 seconds 
Number of asset objects unloaded after import = 2
========================================================================
Received Import Request.
  Time since last request: 0.000017 seconds.
  path: Assets/Sound/Game Countdown.wav
  artifactKey: Guid(82c28e65ee9ad3444ba234b94b6725e6) Importer(815301076,1909f56bfc062723c751e8b465ee728b)
Number of updated assets reloaded before import = 0
Start importing Assets/Sound/Game Countdown.wav using Guid(82c28e65ee9ad3444ba234b94b6725e6) Importer(815301076,1909f56bfc062723c751e8b465ee728b)  -> (artifact id: 'fde9a0348f775d3ffd5c5a81ccce31a0') in 0.017004 seconds 
Number of asset objects unloaded after import = 2
========================================================================
Received Import Request.
  Time since last request: 0.000021 seconds.
  path: Assets/Sound/Fast Deep Woosh.wav
  artifactKey: Guid(1071871be4e767b42b5a2da1db2db847) Importer(815301076,1909f56bfc062723c751e8b465ee728b)
Number of updated assets reloaded before import = 0
Start importing Assets/Sound/Fast Deep Woosh.wav using Guid(1071871be4e767b42b5a2da1db2db847) Importer(815301076,1909f56bfc062723c751e8b465ee728b)  -> (artifact id: '0320791a72c2eb98f76398da55a258cd') in 0.009977 seconds 
Number of asset objects unloaded after import = 2
========================================================================
Received Import Request.
  Time since last request: 0.000013 seconds.
  path: Assets/Sound/Item Collect.wav
  artifactKey: Guid(a231cd57e95a6d94082d8e5ef8b4ab09) Importer(815301076,1909f56bfc062723c751e8b465ee728b)
Number of updated assets reloaded before import = 0
Start importing Assets/Sound/Item Collect.wav using Guid(a231cd57e95a6d94082d8e5ef8b4ab09) Importer(815301076,1909f56bfc062723c751e8b465ee728b)  -> (artifact id: '2dd111bede87064d3695565a1668866d') in 0.010134 seconds 
Number of asset objects unloaded after import = 2
========================================================================
Received Import Request.
  Time since last request: 0.000019 seconds.
  path: Assets/Sound/Digital Liquid Click.wav
  artifactKey: Guid(170dedf21b9565349872a795784cf42f) Importer(815301076,1909f56bfc062723c751e8b465ee728b)
Number of updated assets reloaded before import = 0
Start importing Assets/Sound/Digital Liquid Click.wav using Guid(170dedf21b9565349872a795784cf42f) Importer(815301076,1909f56bfc062723c751e8b465ee728b)  -> (artifact id: '9ed637b3a0c39546bc219317567f2832') in 0.009295 seconds 
Number of asset objects unloaded after import = 2
========================================================================
Received Import Request.
  Time since last request: 0.000029 seconds.
  path: Assets/Sound/Gameplay Achievement.wav
  artifactKey: Guid(b0277c32cd1c27a48857b18cdfbbc21a) Importer(815301076,1909f56bfc062723c751e8b465ee728b)
Number of updated assets reloaded before import = 0
Start importing Assets/Sound/Gameplay Achievement.wav using Guid(b0277c32cd1c27a48857b18cdfbbc21a) Importer(815301076,1909f56bfc062723c751e8b465ee728b)  -> (artifact id: '83b43eff4de9a33f9d409b6516338e34') in 0.010533 seconds 
Number of asset objects unloaded after import = 2
========================================================================
Received Import Request.
  Time since last request: 0.000016 seconds.
  path: Assets/Sound/Level Up 2.wav
  artifactKey: Guid(fd87665f54c6cdc409e3a0dc7c153b92) Importer(815301076,1909f56bfc062723c751e8b465ee728b)
Number of updated assets reloaded before import = 0
Start importing Assets/Sound/Level Up 2.wav using Guid(fd87665f54c6cdc409e3a0dc7c153b92) Importer(815301076,1909f56bfc062723c751e8b465ee728b)  -> (artifact id: 'f0f1df02933e729d0d92b45ec92bcce7') in 0.010452 seconds 
Number of asset objects unloaded after import = 2
========================================================================
Received Import Request.
  Time since last request: 0.000017 seconds.
  path: Assets/Sound/Game Win.wav
  artifactKey: Guid(4a8bb0d95b172ab4b9c8960bb1775e26) Importer(815301076,1909f56bfc062723c751e8b465ee728b)
Number of updated assets reloaded before import = 0
Start importing Assets/Sound/Game Win.wav using Guid(4a8bb0d95b172ab4b9c8960bb1775e26) Importer(815301076,1909f56bfc062723c751e8b465ee728b)  -> (artifact id: 'cd99e92045e1685133f14b4d14cc6d64') in 0.009782 seconds 
Number of asset objects unloaded after import = 2
========================================================================
Received Import Request.
  Time since last request: 0.000017 seconds.
  path: Assets/Sound/Deep Metallic Button.wav
  artifactKey: Guid(d3a85c5faa20e8e4ba6c12dfb2c7c8dc) Importer(815301076,1909f56bfc062723c751e8b465ee728b)
Number of updated assets reloaded before import = 0
Start importing Assets/Sound/Deep Metallic Button.wav using Guid(d3a85c5faa20e8e4ba6c12dfb2c7c8dc) Importer(815301076,1909f56bfc062723c751e8b465ee728b)  -> (artifact id: 'd5737ec0e744dd43bfe19efc2e938192') in 0.010332 seconds 
Number of asset objects unloaded after import = 2
========================================================================
Received Import Request.
  Time since last request: 0.000016 seconds.
  path: Assets/Sound/Flute Alert.wav
  artifactKey: Guid(32ec9ee947fb1f248ba6ca4370996f9f) Importer(815301076,1909f56bfc062723c751e8b465ee728b)
Number of updated assets reloaded before import = 0
Start importing Assets/Sound/Flute Alert.wav using Guid(32ec9ee947fb1f248ba6ca4370996f9f) Importer(815301076,1909f56bfc062723c751e8b465ee728b)  -> (artifact id: 'e95ff63381e0155fb9b242e20143af44') in 0.010403 seconds 
Number of asset objects unloaded after import = 2
========================================================================
Received Import Request.
  Time since last request: 0.000016 seconds.
  path: Assets/Sound/Enchanted Transition.wav
  artifactKey: Guid(853603a22ad2ba74ba858d31b1cd13f9) Importer(815301076,1909f56bfc062723c751e8b465ee728b)
Number of updated assets reloaded before import = 0
Start importing Assets/Sound/Enchanted Transition.wav using Guid(853603a22ad2ba74ba858d31b1cd13f9) Importer(815301076,1909f56bfc062723c751e8b465ee728b)  -> (artifact id: '365f30f97e63fa744f5bb40127042755') in 0.009616 seconds 
Number of asset objects unloaded after import = 2
========================================================================
Received Import Request.
  Time since last request: 0.000014 seconds.
  path: Assets/Sound/Long Alert.wav
  artifactKey: Guid(b2ed3ca66cd9f8445a4f299cdf324a35) Importer(815301076,1909f56bfc062723c751e8b465ee728b)
Number of updated assets reloaded before import = 0
Start importing Assets/Sound/Long Alert.wav using Guid(b2ed3ca66cd9f8445a4f299cdf324a35) Importer(815301076,1909f56bfc062723c751e8b465ee728b)  -> (artifact id: '11b9180ec009a3d0dd041ab9b077be26') in 0.009808 seconds 
Number of asset objects unloaded after import = 2
========================================================================
Received Import Request.
  Time since last request: 16.402216 seconds.
  path: Assets/Sound/Game Sound.wav
  artifactKey: Guid(9669960e415ea604d81fb0784634df79) Importer(815301076,1909f56bfc062723c751e8b465ee728b)
Number of updated assets reloaded before import = 0
Start importing Assets/Sound/Game Sound.wav using Guid(9669960e415ea604d81fb0784634df79) Importer(815301076,1909f56bfc062723c751e8b465ee728b)  -> (artifact id: '6bacc641d38dd1d71010195df4bdc997') in 0.012379 seconds 
Number of asset objects unloaded after import = 2
========================================================================
Received Import Request.
  Time since last request: 0.000020 seconds.
  path: Assets/Sound/Positive Notification Alert.wav
  artifactKey: Guid(0cd8fe2e60df4c04291a028870217904) Importer(815301076,1909f56bfc062723c751e8b465ee728b)
Number of updated assets reloaded before import = 0
Start importing Assets/Sound/Positive Notification Alert.wav using Guid(0cd8fe2e60df4c04291a028870217904) Importer(815301076,1909f56bfc062723c751e8b465ee728b)  -> (artifact id: 'e0c403756dd20029df880748c5f4c062') in 0.013959 seconds 
Number of asset objects unloaded after import = 2
========================================================================
Received Import Request.
  Time since last request: 0.000027 seconds.
  path: Assets/Sound/Pop Alert.wav
  artifactKey: Guid(bfeedeec7b930a543ad8106beba29349) Importer(815301076,1909f56bfc062723c751e8b465ee728b)
Number of updated assets reloaded before import = 0
Start importing Assets/Sound/Pop Alert.wav using Guid(bfeedeec7b930a543ad8106beba29349) Importer(815301076,1909f56bfc062723c751e8b465ee728b)  -> (artifact id: '0e5dd2f5197617e15ebf8534368c021e') in 0.011508 seconds 
Number of asset objects unloaded after import = 2
========================================================================
Received Import Request.
  Time since last request: 0.000030 seconds.
  path: Assets/Sound/Monster Spell.wav
  artifactKey: Guid(d0476d4c32725ee4cb3ee7a190a5ae7a) Importer(815301076,1909f56bfc062723c751e8b465ee728b)
Number of updated assets reloaded before import = 0
Start importing Assets/Sound/Monster Spell.wav using Guid(d0476d4c32725ee4cb3ee7a190a5ae7a) Importer(815301076,1909f56bfc062723c751e8b465ee728b)  -> (artifact id: '3dfc83c9226799a241ff686e2d2451fb') in 0.034822 seconds 
Number of asset objects unloaded after import = 2
========================================================================
Received Import Request.
  Time since last request: 0.000019 seconds.
  path: Assets/Sound/Metallic Button Click.wav
  artifactKey: Guid(3ffa9d151ea46f64196c452eb3a32338) Importer(815301076,1909f56bfc062723c751e8b465ee728b)
Number of updated assets reloaded before import = 0
Start importing Assets/Sound/Metallic Button Click.wav using Guid(3ffa9d151ea46f64196c452eb3a32338) Importer(815301076,1909f56bfc062723c751e8b465ee728b)  -> (artifact id: '93f4958a52daa5a37566d36b1de04210') in 0.068597 seconds 
Number of asset objects unloaded after import = 2
========================================================================
Received Import Request.
  Time since last request: 0.000014 seconds.
  path: Assets/Sound/Positive Alert.wav
  artifactKey: Guid(fe3fdbb87abc886468df1522b457ab0a) Importer(815301076,1909f56bfc062723c751e8b465ee728b)
Number of updated assets reloaded before import = 0
Start importing Assets/Sound/Positive Alert.wav using Guid(fe3fdbb87abc886468df1522b457ab0a) Importer(815301076,1909f56bfc062723c751e8b465ee728b)  -> (artifact id: '08f466150206a9fe51839549a52b16a4') in 0.064436 seconds 
Number of asset objects unloaded after import = 2
========================================================================
Received Import Request.
  Time since last request: 0.000015 seconds.
  path: Assets/Sound/Sci-Fi Impact.wav
  artifactKey: Guid(e94aa5f3c976e50499a5ce7fd05b4182) Importer(815301076,1909f56bfc062723c751e8b465ee728b)
Number of updated assets reloaded before import = 0
Start importing Assets/Sound/Sci-Fi Impact.wav using Guid(e94aa5f3c976e50499a5ce7fd05b4182) Importer(815301076,1909f56bfc062723c751e8b465ee728b)  -> (artifact id: '706f2a60cd95658cdfb5cf48f13780ed') in 0.028964 seconds 
Number of asset objects unloaded after import = 2
========================================================================
Received Import Request.
  Time since last request: 0.000017 seconds.
  path: Assets/Sound/Magic.wav
  artifactKey: Guid(2a6dbd27435fa3146836d142df4f6488) Importer(815301076,1909f56bfc062723c751e8b465ee728b)
Number of updated assets reloaded before import = 0
Start importing Assets/Sound/Magic.wav using Guid(2a6dbd27435fa3146836d142df4f6488) Importer(815301076,1909f56bfc062723c751e8b465ee728b)  -> (artifact id: '227afa7e7dde3b2bd19cd66b711d52fe') in 0.025536 seconds 
Number of asset objects unloaded after import = 2
========================================================================
Received Import Request.
  Time since last request: 0.000020 seconds.
  path: Assets/Sound/Medieval Smooth Arpeggio.wav
  artifactKey: Guid(3b6783fde648c0c43a9dcf384b8c7e9a) Importer(815301076,1909f56bfc062723c751e8b465ee728b)
Number of updated assets reloaded before import = 0
Start importing Assets/Sound/Medieval Smooth Arpeggio.wav using Guid(3b6783fde648c0c43a9dcf384b8c7e9a) Importer(815301076,1909f56bfc062723c751e8b465ee728b)  -> (artifact id: '9715e1e78e7693cb070d23ce8b79121c') in 0.010323 seconds 
Number of asset objects unloaded after import = 2
========================================================================
Received Import Request.
  Time since last request: 0.000025 seconds.
  path: Assets/Sound/Positive Notification.wav
  artifactKey: Guid(942dae1dc6b51ac49a6df0b0df3b36c7) Importer(815301076,1909f56bfc062723c751e8b465ee728b)
Number of updated assets reloaded before import = 0
Start importing Assets/Sound/Positive Notification.wav using Guid(942dae1dc6b51ac49a6df0b0df3b36c7) Importer(815301076,1909f56bfc062723c751e8b465ee728b)  -> (artifact id: '282c14c8592a25a18efa8e2ee6ba73d2') in 0.009980 seconds 
Number of asset objects unloaded after import = 2
========================================================================
Received Prepare
Registering precompiled user dll's ...
Registered in 0.004718 seconds.
Begin MonoManager ReloadAssembly
Native extension for WindowsStandalone target not found
Refreshing native plugins compatible for Editor in 0.56 ms, found 3 plugins.
Preloading 0 native plugins for Editor in 0.00 ms.
[Package Manager] Server::EnsureServerProcessIsRunning -- launch failed, reason: Unity was launched with the -noUpm command-line argument
[Package Manager] Cannot connect to Unity Package Manager local server
Mono: successfully reloaded assembly
- Completed reload, in  1.246 seconds
Domain Reload Profiling:
	ReloadAssembly (1246ms)
		BeginReloadAssembly (140ms)
			ExecutionOrderSort (0ms)
			DisableScriptedObjects (5ms)
			BackupInstance (0ms)
			ReleaseScriptingObjects (0ms)
			CreateAndSetChildDomain (33ms)
		EndReloadAssembly (1021ms)
			LoadAssemblies (94ms)
			RebuildTransferFunctionScriptingTraits (0ms)
			SetupTypeCache (232ms)
			ReleaseScriptCaches (2ms)
			RebuildScriptCaches (63ms)
			SetupLoadedEditorAssemblies (613ms)
				LogAssemblyErrors (0ms)
				InitializePlatformSupportModulesInManaged (5ms)
				SetLoadedEditorAssemblies (0ms)
				RefreshPlugins (1ms)
				BeforeProcessingInitializeOnLoad (51ms)
				ProcessInitializeOnLoadAttributes (531ms)
				ProcessInitializeOnLoadMethodAttributes (18ms)
				AfterProcessingInitializeOnLoad (7ms)
				EditorAssembliesLoaded (0ms)
			ExecutionOrderSort2 (0ms)
			AwakeInstancesAfterBackupRestoration (5ms)
Platform modules already initialized, skipping
Refreshing native plugins compatible for Editor in 0.56 ms, found 3 plugins.
Preloading 0 native plugins for Editor in 0.00 ms.
Unloading 3111 Unused Serialized files (Serialized files now loaded: 0)
Unloading 32 unused Assets / (21.9 KB). Loaded Objects now: 3613.
Memory consumption went from 118.5 MB to 118.5 MB.
Total: 2.167500 ms (FindLiveObjects: 0.238400 ms CreateObjectMapping: 0.163300 ms MarkObjects: 1.741100 ms  DeleteObjects: 0.024200 ms)

AssetImportParameters requested are different than current active one (requested -> active):
  custom:video-decoder-ogg-theora: a1e56fd34408186e4bbccfd4996cb3dc -> 
  custom:container-muxer-webm: aa71ff27fc2769a1b78a27578f13a17b -> 
  custom:container-demuxer-webm: 4f35f7cbe854078d1ac9338744f61a02 -> 
  custom:video-encoder-webm-vp8: eb34c28f22e8b96e1ab97ce403110664 -> 
  custom:CustomObjectIndexerAttribute: bc11b3a6c3213fcdd17b65e7da85e133 -> 
  custom:audio-encoder-webm-vorbis: bf7c407c2cedff20999df2af8eb42d56 -> 
  custom:framework-win-MediaFoundation: 216162199b28c13a410421893ffa2e32 -> 
  custom:SearchIndexIgnoredProperties: e643bd26f0fe6173181afceb89e7c659 -> 
  custom:container-demuxer-ogg: 62fdf1f143b41e24485cea50d1cbac27 -> 
  custom:video-decoder-webm-vp8: 9c59270c3fd7afecdb556c50c9e8de78 -> 
  custom:audio-decoder-ogg-vorbis: bf7c407c2cedff20999df2af8eb42d56 -> 
========================================================================
Received Import Request.
  Time since last request: 341.887380 seconds.
  path: Assets/Models/Mousey.fbx
  artifactKey: Guid(89fa194107ea7ab4d958ba85f9f7949e) Importer(815301076,1909f56bfc062723c751e8b465ee728b)
Number of updated assets reloaded before import = 0
Start importing Assets/Models/Mousey.fbx using Guid(89fa194107ea7ab4d958ba85f9f7949e) Importer(815301076,1909f56bfc062723c751e8b465ee728b)  -> (artifact id: 'd96784fb06fce6693ed7362fca8cc0b1') in 0.467896 seconds 
Number of asset objects unloaded after import = 126
========================================================================
Received Import Request.
  Time since last request: 0.000031 seconds.
  path: Assets/Prefabs/Second Road.prefab
  artifactKey: Guid(8270656d73e47ac40b675551d7f69e3c) Importer(815301076,1909f56bfc062723c751e8b465ee728b)
Number of updated assets reloaded before import = 0
Start importing Assets/Prefabs/Second Road.prefab using Guid(8270656d73e47ac40b675551d7f69e3c) Importer(815301076,1909f56bfc062723c751e8b465ee728b)  -> (artifact id: 'e03349f43109fa5cbc1fe2fafe06fd2a') in 0.098952 seconds 
Number of asset objects unloaded after import = 185
========================================================================
Received Prepare
Registering precompiled user dll's ...
Registered in 0.003972 seconds.
Begin MonoManager ReloadAssembly
Native extension for WindowsStandalone target not found
Refreshing native plugins compatible for Editor in 0.58 ms, found 3 plugins.
Preloading 0 native plugins for Editor in 0.00 ms.
[Package Manager] Server::EnsureServerProcessIsRunning -- launch failed, reason: Unity was launched with the -noUpm command-line argument
[Package Manager] Cannot connect to Unity Package Manager local server
Mono: successfully reloaded assembly
- Completed reload, in  1.220 seconds
Domain Reload Profiling:
	ReloadAssembly (1221ms)
		BeginReloadAssembly (135ms)
			ExecutionOrderSort (0ms)
			DisableScriptedObjects (4ms)
			BackupInstance (0ms)
			ReleaseScriptingObjects (0ms)
			CreateAndSetChildDomain (31ms)
		EndReloadAssembly (1006ms)
			LoadAssemblies (88ms)
			RebuildTransferFunctionScriptingTraits (0ms)
			SetupTypeCache (274ms)
			ReleaseScriptCaches (1ms)
			RebuildScriptCaches (33ms)
			SetupLoadedEditorAssemblies (607ms)
				LogAssemblyErrors (0ms)
				InitializePlatformSupportModulesInManaged (5ms)
				SetLoadedEditorAssemblies (0ms)
				RefreshPlugins (1ms)
				BeforeProcessingInitializeOnLoad (55ms)
				ProcessInitializeOnLoadAttributes (524ms)
				ProcessInitializeOnLoadMethodAttributes (16ms)
				AfterProcessingInitializeOnLoad (6ms)
				EditorAssembliesLoaded (0ms)
			ExecutionOrderSort2 (0ms)
			AwakeInstancesAfterBackupRestoration (5ms)
Platform modules already initialized, skipping
Refreshing native plugins compatible for Editor in 0.62 ms, found 3 plugins.
Preloading 0 native plugins for Editor in 0.00 ms.
Unloading 3111 Unused Serialized files (Serialized files now loaded: 0)
Unloading 18 unused Assets / (21.9 KB). Loaded Objects now: 3653.
Memory consumption went from 131.6 MB to 131.5 MB.
Total: 2.267700 ms (FindLiveObjects: 0.238100 ms CreateObjectMapping: 0.165100 ms MarkObjects: 1.847800 ms  DeleteObjects: 0.015900 ms)

AssetImportParameters requested are different than current active one (requested -> active):
  custom:video-decoder-ogg-theora: a1e56fd34408186e4bbccfd4996cb3dc -> 
  custom:container-muxer-webm: aa71ff27fc2769a1b78a27578f13a17b -> 
  custom:container-demuxer-webm: 4f35f7cbe854078d1ac9338744f61a02 -> 
  custom:video-encoder-webm-vp8: eb34c28f22e8b96e1ab97ce403110664 -> 
  custom:CustomObjectIndexerAttribute: bc11b3a6c3213fcdd17b65e7da85e133 -> 
  custom:audio-encoder-webm-vorbis: bf7c407c2cedff20999df2af8eb42d56 -> 
  custom:framework-win-MediaFoundation: 216162199b28c13a410421893ffa2e32 -> 
  custom:SearchIndexIgnoredProperties: e643bd26f0fe6173181afceb89e7c659 -> 
  custom:container-demuxer-ogg: 62fdf1f143b41e24485cea50d1cbac27 -> 
  custom:video-decoder-webm-vp8: 9c59270c3fd7afecdb556c50c9e8de78 -> 
  custom:audio-decoder-ogg-vorbis: bf7c407c2cedff20999df2af8eb42d56 -> 
========================================================================
Received Prepare
Registering precompiled user dll's ...
Registered in 0.003824 seconds.
Begin MonoManager ReloadAssembly
Native extension for WindowsStandalone target not found
Refreshing native plugins compatible for Editor in 0.56 ms, found 3 plugins.
Preloading 0 native plugins for Editor in 0.00 ms.
[Package Manager] Server::EnsureServerProcessIsRunning -- launch failed, reason: Unity was launched with the -noUpm command-line argument
[Package Manager] Cannot connect to Unity Package Manager local server
Mono: successfully reloaded assembly
- Completed reload, in  1.163 seconds
Domain Reload Profiling:
	ReloadAssembly (1164ms)
		BeginReloadAssembly (130ms)
			ExecutionOrderSort (0ms)
			DisableScriptedObjects (5ms)
			BackupInstance (0ms)
			ReleaseScriptingObjects (0ms)
			CreateAndSetChildDomain (27ms)
		EndReloadAssembly (956ms)
			LoadAssemblies (88ms)
			RebuildTransferFunctionScriptingTraits (0ms)
			SetupTypeCache (216ms)
			ReleaseScriptCaches (1ms)
			RebuildScriptCaches (33ms)
			SetupLoadedEditorAssemblies (613ms)
				LogAssemblyErrors (0ms)
				InitializePlatformSupportModulesInManaged (5ms)
				SetLoadedEditorAssemblies (0ms)
				RefreshPlugins (1ms)
				BeforeProcessingInitializeOnLoad (49ms)
				ProcessInitializeOnLoadAttributes (532ms)
				ProcessInitializeOnLoadMethodAttributes (18ms)
				AfterProcessingInitializeOnLoad (7ms)
				EditorAssembliesLoaded (0ms)
			ExecutionOrderSort2 (0ms)
			AwakeInstancesAfterBackupRestoration (5ms)
Platform modules already initialized, skipping
Refreshing native plugins compatible for Editor in 0.64 ms, found 3 plugins.
Preloading 0 native plugins for Editor in 0.00 ms.
Unloading 3111 Unused Serialized files (Serialized files now loaded: 0)
Unloading 18 unused Assets / (21.9 KB). Loaded Objects now: 3656.
Memory consumption went from 131.6 MB to 131.5 MB.
Total: 2.536700 ms (FindLiveObjects: 0.294100 ms CreateObjectMapping: 0.242700 ms MarkObjects: 1.963900 ms  DeleteObjects: 0.035000 ms)

AssetImportParameters requested are different than current active one (requested -> active):
  custom:video-decoder-ogg-theora: a1e56fd34408186e4bbccfd4996cb3dc -> 
  custom:container-muxer-webm: aa71ff27fc2769a1b78a27578f13a17b -> 
  custom:container-demuxer-webm: 4f35f7cbe854078d1ac9338744f61a02 -> 
  custom:video-encoder-webm-vp8: eb34c28f22e8b96e1ab97ce403110664 -> 
  custom:CustomObjectIndexerAttribute: bc11b3a6c3213fcdd17b65e7da85e133 -> 
  custom:audio-encoder-webm-vorbis: bf7c407c2cedff20999df2af8eb42d56 -> 
  custom:framework-win-MediaFoundation: 216162199b28c13a410421893ffa2e32 -> 
  custom:SearchIndexIgnoredProperties: e643bd26f0fe6173181afceb89e7c659 -> 
  custom:container-demuxer-ogg: 62fdf1f143b41e24485cea50d1cbac27 -> 
  custom:video-decoder-webm-vp8: 9c59270c3fd7afecdb556c50c9e8de78 -> 
  custom:audio-decoder-ogg-vorbis: bf7c407c2cedff20999df2af8eb42d56 -> 
========================================================================
Received Import Request.
  Time since last request: 603.238790 seconds.
  path: Assets/simple UI & icons/box/box_coin2.png
  artifactKey: Guid(70783f222b0c71440a082ff647835516) Importer(815301076,1909f56bfc062723c751e8b465ee728b)
Number of updated assets reloaded before import = 0
Start importing Assets/simple UI & icons/box/box_coin2.png using Guid(70783f222b0c71440a082ff647835516) Importer(815301076,1909f56bfc062723c751e8b465ee728b)  -> (artifact id: 'e2b4ef02c52a06da494548291ff9b775') in 0.070841 seconds 
Number of asset objects unloaded after import = 2
========================================================================
Received Import Request.
  Time since last request: 0.000025 seconds.
  path: Assets/simple UI & icons/box/box_login2.png
  artifactKey: Guid(5b321d4760f872f4aa9d4c5d856394c0) Importer(815301076,1909f56bfc062723c751e8b465ee728b)
Number of updated assets reloaded before import = 0
Start importing Assets/simple UI & icons/box/box_login2.png using Guid(5b321d4760f872f4aa9d4c5d856394c0) Importer(815301076,1909f56bfc062723c751e8b465ee728b)  -> (artifact id: 'baa8bd3a1ec99f6b02d847e48bf3601e') in 0.044504 seconds 
Number of asset objects unloaded after import = 2
========================================================================
Received Import Request.
  Time since last request: 0.000023 seconds.
  path: Assets/simple UI & icons/box/box_select1.png
  artifactKey: Guid(333577eebe3cf2649a6c7f3d299dceba) Importer(815301076,1909f56bfc062723c751e8b465ee728b)
Number of updated assets reloaded before import = 0
Start importing Assets/simple UI & icons/box/box_select1.png using Guid(333577eebe3cf2649a6c7f3d299dceba) Importer(815301076,1909f56bfc062723c751e8b465ee728b)  -> (artifact id: 'f82a027fb7b4c8acefa720dd90922037') in 0.030604 seconds 
Number of asset objects unloaded after import = 2
========================================================================
Received Import Request.
  Time since last request: 0.000015 seconds.
  path: Assets/simple UI & icons/box/box_option1.png
  artifactKey: Guid(722bf8ea9395ad0488f853393305780b) Importer(815301076,1909f56bfc062723c751e8b465ee728b)
Number of updated assets reloaded before import = 0
Start importing Assets/simple UI & icons/box/box_option1.png using Guid(722bf8ea9395ad0488f853393305780b) Importer(815301076,1909f56bfc062723c751e8b465ee728b)  -> (artifact id: 'b118c6104a735c61695a6839cdbfcf50') in 0.018645 seconds 
Number of asset objects unloaded after import = 2
========================================================================
Received Import Request.
  Time since last request: 0.000016 seconds.
  path: Assets/simple UI & icons/box/box_event3.png
  artifactKey: Guid(e832f8a4f31186448b2c250268b36742) Importer(815301076,1909f56bfc062723c751e8b465ee728b)
Number of updated assets reloaded before import = 0
Start importing Assets/simple UI & icons/box/box_event3.png using Guid(e832f8a4f31186448b2c250268b36742) Importer(815301076,1909f56bfc062723c751e8b465ee728b)  -> (artifact id: 'abb4acf79bb6b12c399a907a6bda92b5') in 0.020779 seconds 
Number of asset objects unloaded after import = 2
========================================================================
Received Import Request.
  Time since last request: 0.000019 seconds.
  path: Assets/simple UI & icons/box/box_exp1.png
  artifactKey: Guid(8e02c966211256547b69c0381a52d995) Importer(815301076,1909f56bfc062723c751e8b465ee728b)
Number of updated assets reloaded before import = 0
Start importing Assets/simple UI & icons/box/box_exp1.png using Guid(8e02c966211256547b69c0381a52d995) Importer(815301076,1909f56bfc062723c751e8b465ee728b)  -> (artifact id: 'bb35998206eb10c217171ef3df2e3c3b') in 0.021687 seconds 
Number of asset objects unloaded after import = 2
========================================================================
Received Import Request.
  Time since last request: 0.000019 seconds.
  path: Assets/simple UI & icons/box/box_ID_PW.png
  artifactKey: Guid(dbc49de063591e741821707087728b4e) Importer(815301076,1909f56bfc062723c751e8b465ee728b)
Number of updated assets reloaded before import = 0
Start importing Assets/simple UI & icons/box/box_ID_PW.png using Guid(dbc49de063591e741821707087728b4e) Importer(815301076,1909f56bfc062723c751e8b465ee728b)  -> (artifact id: '429d4092c955043da976c49174096fc5') in 0.019123 seconds 
Number of asset objects unloaded after import = 2
========================================================================
Received Import Request.
  Time since last request: 0.000016 seconds.
  path: Assets/simple UI & icons/box/box_select2.png
  artifactKey: Guid(cfba19cc91fa2034e9f341a44621ac47) Importer(815301076,1909f56bfc062723c751e8b465ee728b)
Number of updated assets reloaded before import = 0
Start importing Assets/simple UI & icons/box/box_select2.png using Guid(cfba19cc91fa2034e9f341a44621ac47) Importer(815301076,1909f56bfc062723c751e8b465ee728b)  -> (artifact id: '03739d41a36fd55bab42118a972979ae') in 0.017770 seconds 
Number of asset objects unloaded after import = 2
========================================================================
Received Import Request.
  Time since last request: 0.000026 seconds.
  path: Assets/simple UI & icons/box/circle_3.png
  artifactKey: Guid(bfe8ff4e5c151374f8f0974f0cde948f) Importer(815301076,1909f56bfc062723c751e8b465ee728b)
Number of updated assets reloaded before import = 0
Start importing Assets/simple UI & icons/box/circle_3.png using Guid(bfe8ff4e5c151374f8f0974f0cde948f) Importer(815301076,1909f56bfc062723c751e8b465ee728b)  -> (artifact id: 'b8375a4aeb3aa0ed0af7274baf7cdefc') in 0.026644 seconds 
Number of asset objects unloaded after import = 2
========================================================================
Received Import Request.
  Time since last request: 0.000018 seconds.
  path: Assets/simple UI & icons/box/circle_2.png
  artifactKey: Guid(90523fd09249fed4291cb5227e137ea0) Importer(815301076,1909f56bfc062723c751e8b465ee728b)
Number of updated assets reloaded before import = 0
Start importing Assets/simple UI & icons/box/circle_2.png using Guid(90523fd09249fed4291cb5227e137ea0) Importer(815301076,1909f56bfc062723c751e8b465ee728b)  -> (artifact id: '44cdb77a368b94ace09e3515b63e5289') in 0.017314 seconds 
Number of asset objects unloaded after import = 2
========================================================================
Received Import Request.
  Time since last request: 0.000016 seconds.
  path: Assets/simple UI & icons/box/box_map name.png
  artifactKey: Guid(9612150cbb33ebf4abaafcb0066d0c09) Importer(815301076,1909f56bfc062723c751e8b465ee728b)
Number of updated assets reloaded before import = 0
Start importing Assets/simple UI & icons/box/box_map name.png using Guid(9612150cbb33ebf4abaafcb0066d0c09) Importer(815301076,1909f56bfc062723c751e8b465ee728b)  -> (artifact id: '6977a8359565892d66ef280b25229ede') in 0.016577 seconds 
Number of asset objects unloaded after import = 2
========================================================================
Received Import Request.
  Time since last request: 0.000016 seconds.
  path: Assets/simple UI & icons/box/box_select3.png
  artifactKey: Guid(7c39fe94d7cc03442ad53eac0cea5f71) Importer(815301076,1909f56bfc062723c751e8b465ee728b)
Number of updated assets reloaded before import = 0
Start importing Assets/simple UI & icons/box/box_select3.png using Guid(7c39fe94d7cc03442ad53eac0cea5f71) Importer(815301076,1909f56bfc062723c751e8b465ee728b)  -> (artifact id: '751151a6d6e8e43e8c245faffb7ecd7e') in 0.017170 seconds 
Number of asset objects unloaded after import = 2
========================================================================
Received Import Request.
  Time since last request: 0.000031 seconds.
  path: Assets/simple UI & icons/box/box_event1.png
  artifactKey: Guid(dce07060ba1c3964a84b3ec42f0c2477) Importer(815301076,1909f56bfc062723c751e8b465ee728b)
Number of updated assets reloaded before import = 0
Start importing Assets/simple UI & icons/box/box_event1.png using Guid(dce07060ba1c3964a84b3ec42f0c2477) Importer(815301076,1909f56bfc062723c751e8b465ee728b)  -> (artifact id: '1fa6cb0263de7705c0e5ca029d1a6762') in 0.016035 seconds 
Number of asset objects unloaded after import = 2
Editor requested this worker to shutdown with reason: Scaling down because of idle timeout
AssetImportWorker is now disconnected from the server
Process exiting
Exiting without the bug reporter. Application will terminate with return code 0